<?xml version="1.0" encoding="UTF-8"?>
<testng-results ignored="0" total="1" passed="1" failed="0" skipped="0">
  <reporter-output>
  </reporter-output>
  <suite started-at="2024-01-30T15:12:48 IST" name="Suite" finished-at="2024-01-30T15:13:20 IST" duration-ms="31927">
    <groups>
    </groups>
    <test started-at="2024-01-30T15:12:48 IST" name="Test" finished-at="2024-01-30T15:13:20 IST" duration-ms="31927">
      <class name="TestCases.TC_LoginTest_001">
        <test-method is-config="true" signature="openApplication(java.lang.String)[pri:0, instance:TestCases.TC_LoginTest_001@7bd7d6d6]" started-at="2024-01-30T15:12:48 IST" name="openApplication" finished-at="2024-01-30T15:13:11 IST" duration-ms="23221" status="PASS">
          <params>
            <param index="0">
              <value>
                <![CDATA[edge]]>
              </value>
            </param>
          </params>
          <reporter-output>
          </reporter-output>
        </test-method> <!-- openApplication -->
        <test-method signature="logintest()[pri:0, instance:TestCases.TC_LoginTest_001@7bd7d6d6]" started-at="2024-01-30T15:13:11 IST" name="logintest" finished-at="2024-01-30T15:13:18 IST" duration-ms="7074" status="PASS">
          <reporter-output>
          </reporter-output>
        </test-method> <!-- logintest -->
        <test-method is-config="true" signature="CloseApplication()[pri:0, instance:TestCases.TC_LoginTest_001@7bd7d6d6]" started-at="2024-01-30T15:13:19 IST" name="CloseApplication" finished-at="2024-01-30T15:13:20 IST" duration-ms="1009" status="PASS">
          <reporter-output>
          </reporter-output>
        </test-method> <!-- CloseApplication -->
      </class> <!-- TestCases.TC_LoginTest_001 -->
    </test> <!-- Test -->
  </suite> <!-- Suite -->
</testng-results>
